This is pdfTeX, Version 3.1415926-2.5-1.40.14 (TeX Live 2013/Debian) (format=pdflatex 2013.11.2)  2 NOV 2013 13:21
entering extended mode
 restricted \write18 enabled.
 %&-line parsing enabled.
**polar.tex
(./polar.tex
LaTeX2e <2011/06/27>
Babel <3.9f> and hyphenation patterns for 78 languages loaded.
(/usr/share/texlive/texmf-dist/tex/latex/elsarticle/elsarticle.cls
Document Class: elsarticle 2009/09/17, 1.2.0: Elsevier Ltd
\@bls=\dimen102
(/usr/share/texlive/texmf-dist/tex/latex/base/article.cls
Document Class: article 2007/10/19 v1.4h Standard LaTeX document class
(/usr/share/texlive/texmf-dist/tex/latex/base/size10.clo
File: size10.clo 2007/10/19 v1.4h Standard LaTeX file (size option)
)
\c@part=\count79
\c@section=\count80
\c@subsection=\count81
\c@subsubsection=\count82
\c@paragraph=\count83
\c@subparagraph=\count84
\c@figure=\count85
\c@table=\count86
\abovecaptionskip=\skip41
\belowcaptionskip=\skip42
\bibindent=\dimen103
)
(/usr/share/texlive/texmf-dist/tex/latex/graphics/graphicx.sty
Package: graphicx 1999/02/16 v1.0f Enhanced LaTeX Graphics (DPC,SPQR)

(/usr/share/texlive/texmf-dist/tex/latex/graphics/keyval.sty
Package: keyval 1999/03/16 v1.13 key=value parser (DPC)
\KV@toks@=\toks14
)
(/usr/share/texlive/texmf-dist/tex/latex/graphics/graphics.sty
Package: graphics 2009/02/05 v1.0o Standard LaTeX Graphics (DPC,SPQR)

(/usr/share/texlive/texmf-dist/tex/latex/graphics/trig.sty
Package: trig 1999/03/16 v1.09 sin cos tan (DPC)
)
(/usr/share/texlive/texmf-dist/tex/latex/latexconfig/graphics.cfg
File: graphics.cfg 2010/04/23 v1.9 graphics configuration of TeX Live
)
Package graphics Info: Driver file: pdftex.def on input line 91.

(/usr/share/texlive/texmf-dist/tex/latex/pdftex-def/pdftex.def
File: pdftex.def 2011/05/27 v0.06d Graphics/color for pdfTeX

(/usr/share/texlive/texmf-dist/tex/generic/oberdiek/infwarerr.sty
Package: infwarerr 2010/04/08 v1.3 Providing info/warning/error messages (HO)
)
(/usr/share/texlive/texmf-dist/tex/generic/oberdiek/ltxcmds.sty
Package: ltxcmds 2011/11/09 v1.22 LaTeX kernel commands for general use (HO)
)
\Gread@gobject=\count87
))
\Gin@req@height=\dimen104
\Gin@req@width=\dimen105
)
(/usr/share/texlive/texmf-dist/tex/latex/psnfss/pifont.sty
Package: pifont 2005/04/12 PSNFSS-v9.2a Pi font support (SPQR) 
LaTeX Font Info:    Try loading font information for U+pzd on input line 63.

(/usr/share/texlive/texmf-dist/tex/latex/psnfss/upzd.fd
File: upzd.fd 2001/06/04 font definitions for U/pzd.
)
LaTeX Font Info:    Try loading font information for U+psy on input line 64.

(/usr/share/texlive/texmf-dist/tex/latex/psnfss/upsy.fd
File: upsy.fd 2001/06/04 font definitions for U/psy.
))
\c@tnote=\count88
\c@fnote=\count89
\c@cnote=\count90
\c@ead=\count91
\c@author=\count92
\@eadauthor=\toks15
\c@affn=\count93
\absbox=\box26
\keybox=\box27
\Columnwidth=\dimen106
\space@left=\dimen107
\els@boxa=\box28
\els@boxb=\box29
\leftMargin=\dimen108
\@enLab=\toks16
\@sep=\skip43
\@@sep=\skip44
 (./polar.spl)
(/usr/share/texlive/texmf-dist/tex/latex/natbib/natbib.sty
Package: natbib 2010/09/13 8.31b (PWD, AO)
\bibhang=\skip45
\bibsep=\skip46
LaTeX Info: Redefining \cite on input line 694.
\c@NAT@ctr=\count94
)
\splwrite=\write3
\openout3 = `polar.spl'.


(/usr/share/texlive/texmf-dist/tex/latex/geometry/geometry.sty
Package: geometry 2010/09/12 v5.6 Page Geometry

(/usr/share/texlive/texmf-dist/tex/generic/oberdiek/ifpdf.sty
Package: ifpdf 2011/01/30 v2.3 Provides the ifpdf switch (HO)
Package ifpdf Info: pdfTeX in PDF mode is detected.
)
(/usr/share/texlive/texmf-dist/tex/generic/oberdiek/ifvtex.sty
Package: ifvtex 2010/03/01 v1.5 Detect VTeX and its facilities (HO)
Package ifvtex Info: VTeX not detected.
)
(/usr/share/texlive/texmf-dist/tex/generic/ifxetex/ifxetex.sty
Package: ifxetex 2010/09/12 v0.6 Provides ifxetex conditional
)
\Gm@cnth=\count95
\Gm@cntv=\count96
\c@Gm@tempcnt=\count97
\Gm@bindingoffset=\dimen109
\Gm@wd@mp=\dimen110
\Gm@odd@mp=\dimen111
\Gm@even@mp=\dimen112
\Gm@layoutwidth=\dimen113
\Gm@layoutheight=\dimen114
\Gm@layouthoffset=\dimen115
\Gm@layoutvoffset=\dimen116
\Gm@dimlist=\toks17
))
(/usr/share/texlive/texmf-dist/tex/latex/amsmath/amsmath.sty
Package: amsmath 2013/01/14 v2.14 AMS math features
\@mathmargin=\skip47

For additional information on amsmath, use the `?' option.
(/usr/share/texlive/texmf-dist/tex/latex/amsmath/amstext.sty
Package: amstext 2000/06/29 v2.01

(/usr/share/texlive/texmf-dist/tex/latex/amsmath/amsgen.sty
File: amsgen.sty 1999/11/30 v2.0
\@emptytoks=\toks18
\ex@=\dimen117
))
(/usr/share/texlive/texmf-dist/tex/latex/amsmath/amsbsy.sty
Package: amsbsy 1999/11/29 v1.2d
\pmbraise@=\dimen118
)
(/usr/share/texlive/texmf-dist/tex/latex/amsmath/amsopn.sty
Package: amsopn 1999/12/14 v2.01 operator names
)
\inf@bad=\count98
LaTeX Info: Redefining \frac on input line 210.
\uproot@=\count99
\leftroot@=\count100
LaTeX Info: Redefining \overline on input line 306.
\classnum@=\count101
\DOTSCASE@=\count102
LaTeX Info: Redefining \ldots on input line 378.
LaTeX Info: Redefining \dots on input line 381.
LaTeX Info: Redefining \cdots on input line 466.
\Mathstrutbox@=\box30
\strutbox@=\box31
\big@size=\dimen119
LaTeX Font Info:    Redeclaring font encoding OML on input line 566.
LaTeX Font Info:    Redeclaring font encoding OMS on input line 567.
\macc@depth=\count103
\c@MaxMatrixCols=\count104
\dotsspace@=\muskip10
\c@parentequation=\count105
\dspbrk@lvl=\count106
\tag@help=\toks19
\row@=\count107
\column@=\count108
\maxfields@=\count109
\andhelp@=\toks20
\eqnshift@=\dimen120
\alignsep@=\dimen121
\tagshift@=\dimen122
\tagwidth@=\dimen123
\totwidth@=\dimen124
\lineht@=\dimen125
\@envbody=\toks21
\multlinegap=\skip48
\multlinetaggap=\skip49
\mathdisplay@stack=\toks22
LaTeX Info: Redefining \[ on input line 2665.
LaTeX Info: Redefining \] on input line 2666.
)
(/usr/share/texlive/texmf-dist/tex/latex/amsfonts/amssymb.sty
Package: amssymb 2013/01/14 v3.01 AMS font symbols

(/usr/share/texlive/texmf-dist/tex/latex/amsfonts/amsfonts.sty
Package: amsfonts 2013/01/14 v3.01 Basic AMSFonts support
\symAMSa=\mathgroup4
\symAMSb=\mathgroup5
LaTeX Font Info:    Overwriting math alphabet `\mathfrak' in version `bold'
(Font)                  U/euf/m/n --> U/euf/b/n on input line 106.
))
(/usr/share/texlive/texmf-dist/tex/latex/was/gensymb.sty
Package: gensymb 2003/07/02 v1.0 (WaS)
)
(/usr/share/texlive/texmf-dist/tex/latex/was/upgreek.sty
Package: upgreek 2003/02/12 v2.0 (WaS)
Package upgreek Info: Using Euler Roman for upright Greek on input line 31.
\symugrf@m=\mathgroup6
LaTeX Font Info:    Overwriting symbol font `ugrf@m' in version `bold'
(Font)                  U/eur/m/n --> U/eur/b/n on input line 38.
)
(/usr/share/texlive/texmf-dist/tex/latex/float/float.sty
Package: float 2001/11/08 v1.3d Float enhancements (AL)
\c@float@type=\count110
\float@exts=\toks23
\float@box=\box32
\@float@everytoks=\toks24
\@floatcapt=\box33
) (./polar.aux)
\openout1 = `polar.aux'.

LaTeX Font Info:    Checking defaults for OML/cmm/m/it on input line 10.
LaTeX Font Info:    ... okay on input line 10.
LaTeX Font Info:    Checking defaults for T1/cmr/m/n on input line 10.
LaTeX Font Info:    ... okay on input line 10.
LaTeX Font Info:    Checking defaults for OT1/cmr/m/n on input line 10.
LaTeX Font Info:    ... okay on input line 10.
LaTeX Font Info:    Checking defaults for OMS/cmsy/m/n on input line 10.
LaTeX Font Info:    ... okay on input line 10.
LaTeX Font Info:    Checking defaults for OMX/cmex/m/n on input line 10.
LaTeX Font Info:    ... okay on input line 10.
LaTeX Font Info:    Checking defaults for U/cmr/m/n on input line 10.
LaTeX Font Info:    ... okay on input line 10.

(/usr/share/texlive/texmf-dist/tex/context/base/supp-pdf.mkii
[Loading MPS to PDF converter (version 2006.09.02).]
\scratchcounter=\count111
\scratchdimen=\dimen126
\scratchbox=\box34
\nofMPsegments=\count112
\nofMParguments=\count113
\everyMPshowfont=\toks25
\MPscratchCnt=\count114
\MPscratchDim=\dimen127
\MPnumerator=\count115
\makeMPintoPDFobject=\count116
\everyMPtoPDFconversion=\toks26
) (/usr/share/texlive/texmf-dist/tex/generic/oberdiek/pdftexcmds.sty
Package: pdftexcmds 2011/11/29 v0.20 Utility functions of pdfTeX for LuaTeX (HO
)

(/usr/share/texlive/texmf-dist/tex/generic/oberdiek/ifluatex.sty
Package: ifluatex 2010/03/01 v1.3 Provides the ifluatex switch (HO)
Package ifluatex Info: LuaTeX not detected.
)
Package pdftexcmds Info: LuaTeX not detected.
Package pdftexcmds Info: \pdf@primitive is available.
Package pdftexcmds Info: \pdf@ifprimitive is available.
Package pdftexcmds Info: \pdfdraftmode found.
)
(/usr/share/texlive/texmf-dist/tex/latex/oberdiek/epstopdf-base.sty
Package: epstopdf-base 2010/02/09 v2.5 Base part for package epstopdf

(/usr/share/texlive/texmf-dist/tex/latex/oberdiek/grfext.sty
Package: grfext 2010/08/19 v1.1 Manage graphics extensions (HO)

(/usr/share/texlive/texmf-dist/tex/generic/oberdiek/kvdefinekeys.sty
Package: kvdefinekeys 2011/04/07 v1.3 Define keys (HO)
))
(/usr/share/texlive/texmf-dist/tex/latex/oberdiek/kvoptions.sty
Package: kvoptions 2011/06/30 v3.11 Key value format for package options (HO)

(/usr/share/texlive/texmf-dist/tex/generic/oberdiek/kvsetkeys.sty
Package: kvsetkeys 2012/04/25 v1.16 Key value parser (HO)

(/usr/share/texlive/texmf-dist/tex/generic/oberdiek/etexcmds.sty
Package: etexcmds 2011/02/16 v1.5 Avoid name clashes with e-TeX commands (HO)
Package etexcmds Info: Could not find \expanded.
(etexcmds)             That can mean that you are not using pdfTeX 1.50 or
(etexcmds)             that some package has redefined \expanded.
(etexcmds)             In the latter case, load this package earlier.
)))
Package grfext Info: Graphics extension search list:
(grfext)             [.png,.pdf,.jpg,.mps,.jpeg,.jbig2,.jb2,.PNG,.PDF,.JPG,.JPE
G,.JBIG2,.JB2,.eps]
(grfext)             \AppendGraphicsExtensions on input line 452.

(/usr/share/texlive/texmf-dist/tex/latex/latexconfig/epstopdf-sys.cfg
File: epstopdf-sys.cfg 2010/07/13 v1.3 Configuration of (r)epstopdf for TeX Liv
e
))
*geometry* driver: auto-detecting
*geometry* detected driver: pdftex
*geometry* verbose mode - [ preamble ] result:
* driver: pdftex
* paper: custom
* layout: <same size as paper>
* layoutoffset:(h,v)=(0.0pt,0.0pt)
* hratio: 1:1
* vratio: 1:1
* modes: 
* h-part:(L,W,R)=(64.75394pt, 468.0pt, 64.75394pt)
* v-part:(T,H,B)=(111.52342pt, 622.0pt, 111.52342pt)
* \paperwidth=597.50787pt
* \paperheight=845.04684pt
* \textwidth=468.0pt
* \textheight=622.0pt
* \oddsidemargin=-7.51605pt
* \evensidemargin=-7.51605pt
* \topmargin=-22.74657pt
* \headheight=50.0pt
* \headsep=12.0pt
* \topskip=10.0pt
* \footskip=18.0pt
* \marginparwidth=65.0pt
* \marginparsep=11.0pt
* \columnsep=24.0pt
* \skip\footins=24.0pt plus 2.0pt minus 12.0pt
* \hoffset=0.0pt
* \voffset=0.0pt
* \mag=1000
* \@twocolumnfalse
* \@twosidefalse
* \@mparswitchfalse
* \@reversemarginfalse
* (1in=72.27pt=25.4mm, 1cm=28.453pt)

LaTeX Info: Redefining \celsius on input line 10.
Package gensymb Info: Faking symbols for \degree and \celsius on input line 10.


Package gensymb Warning: Not defining \perthousand.

LaTeX Info: Redefining \ohm on input line 10.
Package gensymb Info: Using \Omega for \ohm on input line 10.

Package gensymb Warning: Not defining \micro.

LaTeX Font Info:    Try loading font information for U+msa on input line 36.
(/usr/share/texlive/texmf-dist/tex/latex/amsfonts/umsa.fd
File: umsa.fd 2013/01/14 v3.01 AMS symbols A
)
LaTeX Font Info:    Try loading font information for U+msb on input line 36.

(/usr/share/texlive/texmf-dist/tex/latex/amsfonts/umsb.fd
File: umsb.fd 2013/01/14 v3.01 AMS symbols B
) [1

{/var/lib/texmf/fonts/map/pdftex/updmap/pdftex.map}]
Package epstopdf Info: Source file: <distortion.eps>
(epstopdf)                    date: 2013-09-22 14:43:46
(epstopdf)                    size: 993940 bytes
(epstopdf)             Output file: <distortion-eps-converted-to.pdf>
(epstopdf)                    date: 2013-11-02 00:10:56
(epstopdf)                    size: 269545 bytes
(epstopdf)             Command: <repstopdf --outfile=distortion-eps-converted-t
o.pdf distortion.eps>
(epstopdf)             \includegraphics on input line 56.
Package epstopdf Info: Output file is already uptodate.

<distortion-eps-converted-to.pdf, id=17, 505.89pt x 341.275pt>
File: distortion-eps-converted-to.pdf Graphic file (type pdf)

<use distortion-eps-converted-to.pdf>
Package pdftex.def Info: distortion-eps-converted-to.pdf used on input line 56.

(pdftex.def)             Requested size: 234.0pt x 157.85803pt.
 [2 <./distortion-eps-converted-to.pdf>]
Package epstopdf Info: Source file: <meander_pattern.eps>
(epstopdf)                    date: 2013-11-02 13:21:14
(epstopdf)                    size: 33069 bytes
(epstopdf)             Output file: <meander_pattern-eps-converted-to.pdf>
(epstopdf)                    date: 2013-11-02 13:15:41
(epstopdf)                    size: 17410 bytes
(epstopdf)             Command: <repstopdf --outfile=meander_pattern-eps-conver
ted-to.pdf meander_pattern.eps>
(epstopdf)             \includegraphics on input line 85.
runsystem(repstopdf --outfile=meander_pattern-eps-converted-to.pdf meander_patt
ern.eps)...executed safely (allowed).

Package epstopdf Info: Result file: <meander_pattern-eps-converted-to.pdf>
(epstopdf)                    date: 2013-11-02 13:21:15
(epstopdf)                    size: 17410 bytes.

<meander_pattern-eps-converted-to.pdf, id=37, 505.89pt x 722.7pt>
File: meander_pattern-eps-converted-to.pdf Graphic file (type pdf)

<use meander_pattern-eps-converted-to.pdf>
Package pdftex.def Info: meander_pattern-eps-converted-to.pdf used on input lin
e 85.
(pdftex.def)             Requested size: 117.0pt x 140.82196pt.
Package epstopdf Info: Source file: <fastcomb_pattern.eps>
(epstopdf)                    date: 2013-11-02 13:21:14
(epstopdf)                    size: 32875 bytes
(epstopdf)             Output file: <fastcomb_pattern-eps-converted-to.pdf>
(epstopdf)                    date: 2013-11-02 13:15:42
(epstopdf)                    size: 17137 bytes
(epstopdf)             Command: <repstopdf --outfile=fastcomb_pattern-eps-conve
rted-to.pdf fastcomb_pattern.eps>
(epstopdf)             \includegraphics on input line 85.
runsystem(repstopdf --outfile=fastcomb_pattern-eps-converted-to.pdf fastcomb_pa
ttern.eps)...executed safely (allowed).

Package epstopdf Info: Result file: <fastcomb_pattern-eps-converted-to.pdf>
(epstopdf)                    date: 2013-11-02 13:21:15
(epstopdf)                    size: 17137 bytes.

<fastcomb_pattern-eps-converted-to.pdf, id=39, 505.89pt x 722.7pt>
File: fastcomb_pattern-eps-converted-to.pdf Graphic file (type pdf)

<use fastcomb_pattern-eps-converted-to.pdf>
Package pdftex.def Info: fastcomb_pattern-eps-converted-to.pdf used on input li
ne 85.
(pdftex.def)             Requested size: 117.0pt x 140.82196pt.
Package epstopdf Info: Source file: <comb_pattern.eps>
(epstopdf)                    date: 2013-11-02 13:21:14
(epstopdf)                    size: 42872 bytes
(epstopdf)             Output file: <comb_pattern-eps-converted-to.pdf>
(epstopdf)                    date: 2013-11-02 13:15:42
(epstopdf)                    size: 18578 bytes
(epstopdf)             Command: <repstopdf --outfile=comb_pattern-eps-converted
-to.pdf comb_pattern.eps>
(epstopdf)             \includegraphics on input line 87.
runsystem(repstopdf --outfile=comb_pattern-eps-converted-to.pdf comb_pattern.ep
s)...executed safely (allowed).

Package epstopdf Info: Result file: <comb_pattern-eps-converted-to.pdf>
(epstopdf)                    date: 2013-11-02 13:21:16
(epstopdf)                    size: 18578 bytes.

<comb_pattern-eps-converted-to.pdf, id=41, 505.89pt x 722.7pt>
File: comb_pattern-eps-converted-to.pdf Graphic file (type pdf)

<use comb_pattern-eps-converted-to.pdf>
Package pdftex.def Info: comb_pattern-eps-converted-to.pdf used on input line 8
7.
(pdftex.def)             Requested size: 117.0pt x 140.82196pt.
Package epstopdf Info: Source file: <web_pattern.eps>
(epstopdf)                    date: 2013-11-02 13:21:14
(epstopdf)                    size: 25697 bytes
(epstopdf)             Output file: <web_pattern-eps-converted-to.pdf>
(epstopdf)                    date: 2013-11-02 13:15:42
(epstopdf)                    size: 10813 bytes
(epstopdf)             Command: <repstopdf --outfile=web_pattern-eps-converted-
to.pdf web_pattern.eps>
(epstopdf)             \includegraphics on input line 87.
runsystem(repstopdf --outfile=web_pattern-eps-converted-to.pdf web_pattern.eps)
...executed safely (allowed).

Package epstopdf Info: Result file: <web_pattern-eps-converted-to.pdf>
(epstopdf)                    date: 2013-11-02 13:21:16
(epstopdf)                    size: 10813 bytes.

<web_pattern-eps-converted-to.pdf, id=43, 505.89pt x 722.7pt>
File: web_pattern-eps-converted-to.pdf Graphic file (type pdf)

<use web_pattern-eps-converted-to.pdf>
Package pdftex.def Info: web_pattern-eps-converted-to.pdf used on input line 87
.
(pdftex.def)             Requested size: 117.0pt x 140.82196pt.
Package epstopdf Info: Source file: <arc_pattern.eps>
(epstopdf)                    date: 2013-11-02 13:21:14
(epstopdf)                    size: 31369 bytes
(epstopdf)             Output file: <arc_pattern-eps-converted-to.pdf>
(epstopdf)                    date: 2013-11-02 13:15:43
(epstopdf)                    size: 19110 bytes
(epstopdf)             Command: <repstopdf --outfile=arc_pattern-eps-converted-
to.pdf arc_pattern.eps>
(epstopdf)             \includegraphics on input line 89.
runsystem(repstopdf --outfile=arc_pattern-eps-converted-to.pdf arc_pattern.eps)
...executed safely (allowed).

Package epstopdf Info: Result file: <arc_pattern-eps-converted-to.pdf>
(epstopdf)                    date: 2013-11-02 13:21:16
(epstopdf)                    size: 19110 bytes.

<arc_pattern-eps-converted-to.pdf, id=45, 505.89pt x 722.7pt>
File: arc_pattern-eps-converted-to.pdf Graphic file (type pdf)

<use arc_pattern-eps-converted-to.pdf>
Package pdftex.def Info: arc_pattern-eps-converted-to.pdf used on input line 89
.
(pdftex.def)             Requested size: 117.0pt x 140.82196pt.
 [3] [4 <./meander_pattern-eps-converted-to.pdf> <./fastcomb_pattern-eps-conver
ted-to.pdf> <./comb_pattern-eps-converted-to.pdf> <./web_pattern-eps-converted-
to.pdf> <./arc_pattern-eps-converted-to.pdf>] [5]
Package epstopdf Info: Source file: <meander_sim.eps>
(epstopdf)                    date: 2013-11-02 13:21:14
(epstopdf)                    size: 153020 bytes
(epstopdf)             Output file: <meander_sim-eps-converted-to.pdf>
(epstopdf)                    date: 2013-11-02 13:15:43
(epstopdf)                    size: 93340 bytes
(epstopdf)             Command: <repstopdf --outfile=meander_sim-eps-converted-
to.pdf meander_sim.eps>
(epstopdf)             \includegraphics on input line 157.
runsystem(repstopdf --outfile=meander_sim-eps-converted-to.pdf meander_sim.eps)
...executed safely (allowed).

Package epstopdf Info: Result file: <meander_sim-eps-converted-to.pdf>
(epstopdf)                    date: 2013-11-02 13:21:17
(epstopdf)                    size: 93340 bytes.
 <meander_sim-eps-converted-to.pdf, id=122, 505.89pt x 722.7pt>
File: meander_sim-eps-converted-to.pdf Graphic file (type pdf)

<use meander_sim-eps-converted-to.pdf>
Package pdftex.def Info: meander_sim-eps-converted-to.pdf used on input line 15
7.
(pdftex.def)             Requested size: 93.59857pt x 121.00067pt.
Package epstopdf Info: Source file: <meander_delta.eps>
(epstopdf)                    date: 2013-11-02 13:21:14
(epstopdf)                    size: 155653 bytes
(epstopdf)             Output file: <meander_delta-eps-converted-to.pdf>
(epstopdf)                    date: 2013-11-02 13:15:44
(epstopdf)                    size: 75656 bytes
(epstopdf)             Command: <repstopdf --outfile=meander_delta-eps-converte
d-to.pdf meander_delta.eps>
(epstopdf)             \includegraphics on input line 157.
runsystem(repstopdf --outfile=meander_delta-eps-converted-to.pdf meander_delta.
eps)...executed safely (allowed).

Package epstopdf Info: Result file: <meander_delta-eps-converted-to.pdf>
(epstopdf)                    date: 2013-11-02 13:21:17
(epstopdf)                    size: 75656 bytes.

<meander_delta-eps-converted-to.pdf, id=124, 505.89pt x 722.7pt>
File: meander_delta-eps-converted-to.pdf Graphic file (type pdf)

<use meander_delta-eps-converted-to.pdf>
Package pdftex.def Info: meander_delta-eps-converted-to.pdf used on input line 
157.
(pdftex.def)             Requested size: 93.59857pt x 121.00067pt.
Package epstopdf Info: Source file: <fastcomb_sim.eps>
(epstopdf)                    date: 2013-11-02 13:21:14
(epstopdf)                    size: 152839 bytes
(epstopdf)             Output file: <fastcomb_sim-eps-converted-to.pdf>
(epstopdf)                    date: 2013-11-02 13:15:44
(epstopdf)                    size: 92985 bytes
(epstopdf)             Command: <repstopdf --outfile=fastcomb_sim-eps-converted
-to.pdf fastcomb_sim.eps>
(epstopdf)             \includegraphics on input line 159.
runsystem(repstopdf --outfile=fastcomb_sim-eps-converted-to.pdf fastcomb_sim.ep
s)...executed safely (allowed).

Package epstopdf Info: Result file: <fastcomb_sim-eps-converted-to.pdf>
(epstopdf)                    date: 2013-11-02 13:21:18
(epstopdf)                    size: 92985 bytes.

<fastcomb_sim-eps-converted-to.pdf, id=126, 505.89pt x 722.7pt>
File: fastcomb_sim-eps-converted-to.pdf Graphic file (type pdf)

<use fastcomb_sim-eps-converted-to.pdf>
Package pdftex.def Info: fastcomb_sim-eps-converted-to.pdf used on input line 1
59.
(pdftex.def)             Requested size: 93.59857pt x 121.00067pt.
Package epstopdf Info: Source file: <fastcomb_delta.eps>
(epstopdf)                    date: 2013-11-02 13:21:14
(epstopdf)                    size: 155698 bytes
(epstopdf)             Output file: <fastcomb_delta-eps-converted-to.pdf>
(epstopdf)                    date: 2013-11-02 13:15:45
(epstopdf)                    size: 75634 bytes
(epstopdf)             Command: <repstopdf --outfile=fastcomb_delta-eps-convert
ed-to.pdf fastcomb_delta.eps>
(epstopdf)             \includegraphics on input line 159.
runsystem(repstopdf --outfile=fastcomb_delta-eps-converted-to.pdf fastcomb_delt
a.eps)...executed safely (allowed).

Package epstopdf Info: Result file: <fastcomb_delta-eps-converted-to.pdf>
(epstopdf)                    date: 2013-11-02 13:21:18
(epstopdf)                    size: 75634 bytes.

<fastcomb_delta-eps-converted-to.pdf, id=128, 505.89pt x 722.7pt>
File: fastcomb_delta-eps-converted-to.pdf Graphic file (type pdf)

<use fastcomb_delta-eps-converted-to.pdf>
Package pdftex.def Info: fastcomb_delta-eps-converted-to.pdf used on input line
 159.
(pdftex.def)             Requested size: 93.59857pt x 121.00067pt.
Package epstopdf Info: Source file: <comb_sim.eps>
(epstopdf)                    date: 2013-11-02 13:21:14
(epstopdf)                    size: 153206 bytes
(epstopdf)             Output file: <comb_sim-eps-converted-to.pdf>
(epstopdf)                    date: 2013-11-02 13:15:45
(epstopdf)                    size: 93672 bytes
(epstopdf)             Command: <repstopdf --outfile=comb_sim-eps-converted-to.
pdf comb_sim.eps>
(epstopdf)             \includegraphics on input line 161.
runsystem(repstopdf --outfile=comb_sim-eps-converted-to.pdf comb_sim.eps)...exe
cuted safely (allowed).

Package epstopdf Info: Result file: <comb_sim-eps-converted-to.pdf>
(epstopdf)                    date: 2013-11-02 13:21:19
(epstopdf)                    size: 93672 bytes.

<comb_sim-eps-converted-to.pdf, id=130, 505.89pt x 722.7pt>
File: comb_sim-eps-converted-to.pdf Graphic file (type pdf)

<use comb_sim-eps-converted-to.pdf>
Package pdftex.def Info: comb_sim-eps-converted-to.pdf used on input line 161.
(pdftex.def)             Requested size: 93.59857pt x 121.00067pt.
Package epstopdf Info: Source file: <comb_delta.eps>
(epstopdf)                    date: 2013-11-02 13:21:14
(epstopdf)                    size: 155787 bytes
(epstopdf)             Output file: <comb_delta-eps-converted-to.pdf>
(epstopdf)                    date: 2013-11-02 13:15:46
(epstopdf)                    size: 75569 bytes
(epstopdf)             Command: <repstopdf --outfile=comb_delta-eps-converted-t
o.pdf comb_delta.eps>
(epstopdf)             \includegraphics on input line 161.
runsystem(repstopdf --outfile=comb_delta-eps-converted-to.pdf comb_delta.eps)..
.executed safely (allowed).

Package epstopdf Info: Result file: <comb_delta-eps-converted-to.pdf>
(epstopdf)                    date: 2013-11-02 13:21:19
(epstopdf)                    size: 75569 bytes.

<comb_delta-eps-converted-to.pdf, id=132, 505.89pt x 722.7pt>
File: comb_delta-eps-converted-to.pdf Graphic file (type pdf)

<use comb_delta-eps-converted-to.pdf>
Package pdftex.def Info: comb_delta-eps-converted-to.pdf used on input line 161
.
(pdftex.def)             Requested size: 93.59857pt x 121.00067pt.
Package epstopdf Info: Source file: <web_sim.eps>
(epstopdf)                    date: 2013-11-02 13:21:14
(epstopdf)                    size: 155582 bytes
(epstopdf)             Output file: <web_sim-eps-converted-to.pdf>
(epstopdf)                    date: 2013-11-02 13:15:46
(epstopdf)                    size: 94985 bytes
(epstopdf)             Command: <repstopdf --outfile=web_sim-eps-converted-to.p
df web_sim.eps>
(epstopdf)             \includegraphics on input line 163.
runsystem(repstopdf --outfile=web_sim-eps-converted-to.pdf web_sim.eps)...execu
ted safely (allowed).

Package epstopdf Info: Result file: <web_sim-eps-converted-to.pdf>
(epstopdf)                    date: 2013-11-02 13:21:20
(epstopdf)                    size: 94985 bytes.

<web_sim-eps-converted-to.pdf, id=134, 505.89pt x 722.7pt>
File: web_sim-eps-converted-to.pdf Graphic file (type pdf)

<use web_sim-eps-converted-to.pdf>
Package pdftex.def Info: web_sim-eps-converted-to.pdf used on input line 163.
(pdftex.def)             Requested size: 93.59857pt x 121.00067pt.
Package epstopdf Info: Source file: <web_delta.eps>
(epstopdf)                    date: 2013-11-02 13:21:14
(epstopdf)                    size: 156897 bytes
(epstopdf)             Output file: <web_delta-eps-converted-to.pdf>
(epstopdf)                    date: 2013-11-02 13:15:47
(epstopdf)                    size: 76318 bytes
(epstopdf)             Command: <repstopdf --outfile=web_delta-eps-converted-to
.pdf web_delta.eps>
(epstopdf)             \includegraphics on input line 163.
runsystem(repstopdf --outfile=web_delta-eps-converted-to.pdf web_delta.eps)...e
xecuted safely (allowed).

Package epstopdf Info: Result file: <web_delta-eps-converted-to.pdf>
(epstopdf)                    date: 2013-11-02 13:21:20
(epstopdf)                    size: 76318 bytes.

<web_delta-eps-converted-to.pdf, id=136, 505.89pt x 722.7pt>
File: web_delta-eps-converted-to.pdf Graphic file (type pdf)

<use web_delta-eps-converted-to.pdf>
Package pdftex.def Info: web_delta-eps-converted-to.pdf used on input line 163.

(pdftex.def)             Requested size: 93.59857pt x 121.00067pt.
Package epstopdf Info: Source file: <arc_sim.eps>
(epstopdf)                    date: 2013-11-02 13:21:14
(epstopdf)                    size: 152019 bytes
(epstopdf)             Output file: <arc_sim-eps-converted-to.pdf>
(epstopdf)                    date: 2013-11-02 13:15:47
(epstopdf)                    size: 86994 bytes
(epstopdf)             Command: <repstopdf --outfile=arc_sim-eps-converted-to.p
df arc_sim.eps>
(epstopdf)             \includegraphics on input line 165.
runsystem(repstopdf --outfile=arc_sim-eps-converted-to.pdf arc_sim.eps)...execu
ted safely (allowed).

Package epstopdf Info: Result file: <arc_sim-eps-converted-to.pdf>
(epstopdf)                    date: 2013-11-02 13:21:21
(epstopdf)                    size: 86994 bytes.

<arc_sim-eps-converted-to.pdf, id=138, 505.89pt x 722.7pt>
File: arc_sim-eps-converted-to.pdf Graphic file (type pdf)

<use arc_sim-eps-converted-to.pdf>
Package pdftex.def Info: arc_sim-eps-converted-to.pdf used on input line 165.
(pdftex.def)             Requested size: 93.59857pt x 121.00067pt.
Package epstopdf Info: Source file: <arc_delta.eps>
(epstopdf)                    date: 2013-11-02 13:21:14
(epstopdf)                    size: 154276 bytes
(epstopdf)             Output file: <arc_delta-eps-converted-to.pdf>
(epstopdf)                    date: 2013-11-02 13:15:48
(epstopdf)                    size: 70057 bytes
(epstopdf)             Command: <repstopdf --outfile=arc_delta-eps-converted-to
.pdf arc_delta.eps>
(epstopdf)             \includegraphics on input line 165.
runsystem(repstopdf --outfile=arc_delta-eps-converted-to.pdf arc_delta.eps)...e
xecuted safely (allowed).

Package epstopdf Info: Result file: <arc_delta-eps-converted-to.pdf>
(epstopdf)                    date: 2013-11-02 13:21:21
(epstopdf)                    size: 70057 bytes.

<arc_delta-eps-converted-to.pdf, id=140, 505.89pt x 722.7pt>
File: arc_delta-eps-converted-to.pdf Graphic file (type pdf)

<use arc_delta-eps-converted-to.pdf>
Package pdftex.def Info: arc_delta-eps-converted-to.pdf used on input line 165.

(pdftex.def)             Requested size: 93.59857pt x 121.00067pt.
Package epstopdf Info: Source file: <meander.eps>
(epstopdf)                    date: 2013-11-02 13:21:14
(epstopdf)                    size: 151932 bytes
(epstopdf)             Output file: <meander-eps-converted-to.pdf>
(epstopdf)                    date: 2013-11-02 13:15:48
(epstopdf)                    size: 92884 bytes
(epstopdf)             Command: <repstopdf --outfile=meander-eps-converted-to.p
df meander.eps>
(epstopdf)             \includegraphics on input line 173.
runsystem(repstopdf --outfile=meander-eps-converted-to.pdf meander.eps)...execu
ted safely (allowed).

Package epstopdf Info: Result file: <meander-eps-converted-to.pdf>
(epstopdf)                    date: 2013-11-02 13:21:22
(epstopdf)                    size: 92884 bytes.

<meander-eps-converted-to.pdf, id=142, 505.89pt x 722.7pt>
File: meander-eps-converted-to.pdf Graphic file (type pdf)

<use meander-eps-converted-to.pdf>
Package pdftex.def Info: meander-eps-converted-to.pdf used on input line 173.
(pdftex.def)             Requested size: 93.59857pt x 121.00067pt.
Package epstopdf Info: Source file: <fastcomb.eps>
(epstopdf)                    date: 2013-11-02 13:21:14
(epstopdf)                    size: 152764 bytes
(epstopdf)             Output file: <fastcomb-eps-converted-to.pdf>
(epstopdf)                    date: 2013-11-02 13:15:49
(epstopdf)                    size: 93602 bytes
(epstopdf)             Command: <repstopdf --outfile=fastcomb-eps-converted-to.
pdf fastcomb.eps>
(epstopdf)             \includegraphics on input line 173.
runsystem(repstopdf --outfile=fastcomb-eps-converted-to.pdf fastcomb.eps)...exe
cuted safely (allowed).

Package epstopdf Info: Result file: <fastcomb-eps-converted-to.pdf>
(epstopdf)                    date: 2013-11-02 13:21:22
(epstopdf)                    size: 93602 bytes.

<fastcomb-eps-converted-to.pdf, id=144, 505.89pt x 722.7pt>
File: fastcomb-eps-converted-to.pdf Graphic file (type pdf)

<use fastcomb-eps-converted-to.pdf>
Package pdftex.def Info: fastcomb-eps-converted-to.pdf used on input line 173.
(pdftex.def)             Requested size: 93.59857pt x 121.00067pt.
Package epstopdf Info: Source file: <comb.eps>
(epstopdf)                    date: 2013-11-02 13:21:14
(epstopdf)                    size: 153668 bytes
(epstopdf)             Output file: <comb-eps-converted-to.pdf>
(epstopdf)                    date: 2013-11-02 13:15:49
(epstopdf)                    size: 96579 bytes
(epstopdf)             Command: <repstopdf --outfile=comb-eps-converted-to.pdf 
comb.eps>
(epstopdf)             \includegraphics on input line 175.
runsystem(repstopdf --outfile=comb-eps-converted-to.pdf comb.eps)...executed sa
fely (allowed).

Package epstopdf Info: Result file: <comb-eps-converted-to.pdf>
(epstopdf)                    date: 2013-11-02 13:21:23
(epstopdf)                    size: 96579 bytes.

<comb-eps-converted-to.pdf, id=146, 505.89pt x 722.7pt>
File: comb-eps-converted-to.pdf Graphic file (type pdf)

<use comb-eps-converted-to.pdf>
Package pdftex.def Info: comb-eps-converted-to.pdf used on input line 175.
(pdftex.def)             Requested size: 93.59857pt x 121.00067pt.
Package epstopdf Info: Source file: <web.eps>
(epstopdf)                    date: 2013-11-02 13:21:14
(epstopdf)                    size: 149329 bytes
(epstopdf)             Output file: <web-eps-converted-to.pdf>
(epstopdf)                    date: 2013-11-02 13:15:50
(epstopdf)                    size: 82188 bytes
(epstopdf)             Command: <repstopdf --outfile=web-eps-converted-to.pdf w
eb.eps>
(epstopdf)             \includegraphics on input line 175.
runsystem(repstopdf --outfile=web-eps-converted-to.pdf web.eps)...executed safe
ly (allowed).

Package epstopdf Info: Result file: <web-eps-converted-to.pdf>
(epstopdf)                    date: 2013-11-02 13:21:23
(epstopdf)                    size: 82188 bytes.

<web-eps-converted-to.pdf, id=148, 505.89pt x 722.7pt>
File: web-eps-converted-to.pdf Graphic file (type pdf)

<use web-eps-converted-to.pdf>
Package pdftex.def Info: web-eps-converted-to.pdf used on input line 175.
(pdftex.def)             Requested size: 93.59857pt x 121.00067pt.
Package epstopdf Info: Source file: <arc.eps>
(epstopdf)                    date: 2013-11-02 13:21:14
(epstopdf)                    size: 149403 bytes
(epstopdf)             Output file: <arc-eps-converted-to.pdf>
(epstopdf)                    date: 2013-11-02 13:15:50
(epstopdf)                    size: 81323 bytes
(epstopdf)             Command: <repstopdf --outfile=arc-eps-converted-to.pdf a
rc.eps>
(epstopdf)             \includegraphics on input line 177.
runsystem(repstopdf --outfile=arc-eps-converted-to.pdf arc.eps)...executed safe
ly (allowed).

Package epstopdf Info: Result file: <arc-eps-converted-to.pdf>
(epstopdf)                    date: 2013-11-02 13:21:24
(epstopdf)                    size: 81323 bytes.

<arc-eps-converted-to.pdf, id=150, 505.89pt x 722.7pt>
File: arc-eps-converted-to.pdf Graphic file (type pdf)

<use arc-eps-converted-to.pdf>
Package pdftex.def Info: arc-eps-converted-to.pdf used on input line 177.
(pdftex.def)             Requested size: 93.59857pt x 121.00067pt.
 [6] [7 <./meander_sim-eps-converted-to.pdf> <./meander_delta-eps-converted-to.
pdf> <./fastcomb_sim-eps-converted-to.pdf> <./fastcomb_delta-eps-converted-to.p
df> <./comb_sim-eps-converted-to.pdf> <./comb_delta-eps-converted-to.pdf> <./we
b_sim-eps-converted-to.pdf> <./web_delta-eps-converted-to.pdf> <./arc_sim-eps-c
onverted-to.pdf> <./arc_delta-eps-converted-to.pdf>] [8 <./meander-eps-converte
d-to.pdf> <./fastcomb-eps-converted-to.pdf> <./comb-eps-converted-to.pdf> <./we
b-eps-converted-to.pdf> <./arc-eps-converted-to.pdf>] [9] (./polar.aux) ) 
Here is how much of TeX's memory you used:
 3764 strings out of 493307
 50607 string characters out of 6139905
 125242 words of memory out of 5000000
 7125 multiletter control sequences out of 15000+600000
 12365 words of font info for 47 fonts, out of 8000000 for 9000
 957 hyphenation exceptions out of 8191
 38i,17n,30p,1104b,256s stack positions out of 5000i,500n,10000p,200000b,80000s
</usr/
share/texlive/texmf-dist/fonts/type1/public/amsfonts/cm/cmbx10.pfb></usr/share/
texlive/texmf-dist/fonts/type1/public/amsfonts/cm/cmmi10.pfb></usr/share/texliv
e/texmf-dist/fonts/type1/public/amsfonts/cm/cmmi6.pfb></usr/share/texlive/texmf
-dist/fonts/type1/public/amsfonts/cm/cmmi7.pfb></usr/share/texlive/texmf-dist/f
onts/type1/public/amsfonts/cm/cmmi8.pfb></usr/share/texlive/texmf-dist/fonts/ty
pe1/public/amsfonts/cm/cmr10.pfb></usr/share/texlive/texmf-dist/fonts/type1/pub
lic/amsfonts/cm/cmr12.pfb></usr/share/texlive/texmf-dist/fonts/type1/public/ams
fonts/cm/cmr7.pfb></usr/share/texlive/texmf-dist/fonts/type1/public/amsfonts/cm
/cmr8.pfb></usr/share/texlive/texmf-dist/fonts/type1/public/amsfonts/cm/cmsy10.
pfb></usr/share/texlive/texmf-dist/fonts/type1/public/amsfonts/cm/cmsy5.pfb></u
sr/share/texlive/texmf-dist/fonts/type1/public/amsfonts/cm/cmsy6.pfb></usr/shar
e/texlive/texmf-dist/fonts/type1/public/amsfonts/cm/cmsy7.pfb></usr/share/texli
ve/texmf-dist/fonts/type1/public/amsfonts/cm/cmti10.pfb></usr/share/texlive/tex
mf-dist/fonts/type1/public/amsfonts/cm/cmti7.pfb></usr/share/texlive/texmf-dist
/fonts/type1/public/amsfonts/cm/cmti8.pfb></usr/share/texlive/texmf-dist/fonts/
type1/public/amsfonts/cm/cmtt8.pfb></usr/share/texlive/texmf-dist/fonts/type1/p
ublic/amsfonts/euler/eurm10.pfb>
Output written on polar.pdf (9 pages, 1777648 bytes).
PDF statistics:
 421 PDF objects out of 1000 (max. 8388607)
 282 compressed objects within 3 object streams
 0 named destinations out of 1000 (max. 500000)
 226 words of extra memory for PDF output out of 10000 (max. 10000000)

